<?xml version="1.0" encoding="UTF-8"?>
<!-- Generated by org.testng.reporters.JUnitReportReporter -->
<testsuite hostname="Chelios" name="tests.HomePageTest" tests="1" failures="0" timestamp="4 Jan 2019 14:36:56 GMT" time="15.794" errors="0">
  <testcase name="verifyLoginLink" time="15.794" classname="tests.HomePageTest"/>
</testsuite> <!-- tests.HomePageTest -->
