<?xml version="1.0" encoding="UTF-8"?>
<!-- Generated by org.testng.reporters.JUnitReportReporter -->
<testsuite hostname="Chelios" name="tests.LoginPageTest" tests="1" failures="0" timestamp="4 Jan 2019 15:26:04 GMT" time="41.976" errors="0">
  <testcase name="verifyLogin" time="41.976" classname="tests.LoginPageTest"/>
</testsuite> <!-- tests.LoginPageTest -->
