<?xml version="1.0" encoding="UTF-8"?>
<!-- Generated by org.testng.reporters.JUnitReportReporter -->
<testsuite hostname="Chelios" name="tests.LoginPageTest" tests="1" failures="0" timestamp="5 Jan 2019 08:23:59 GMT" time="26.295" errors="0">
  <testcase name="verifyLogin" time="26.295" classname="tests.LoginPageTest"/>
</testsuite> <!-- tests.LoginPageTest -->
