<?xml version="1.0" encoding="UTF-8"?>
<!-- Generated by org.testng.reporters.JUnitReportReporter -->
<testsuite hostname="Chelios" name="tests.HomePageTest" tests="1" failures="0" timestamp="5 Jan 2019 08:23:59 GMT" time="34.114" errors="0">
  <testcase name="verifyLoginLink" time="34.114" classname="tests.HomePageTest"/>
</testsuite> <!-- tests.HomePageTest -->
